[debug] [2023-04-30T03:32:30.341Z] ----------------------------------------------------------------------
[debug] [2023-04-30T03:32:30.344Z] Command:       C:\Program Files\nodejs\node.exe C:\Users\user\AppData\Roaming\npm\node_modules\firebase-tools\lib\bin\firebase.js init
[debug] [2023-04-30T03:32:30.345Z] CLI Version:   11.25.3
[debug] [2023-04-30T03:32:30.345Z] Platform:      win32
[debug] [2023-04-30T03:32:30.345Z] Node Version:  v20.0.0
[debug] [2023-04-30T03:32:30.346Z] Time:          Sun Apr 30 2023 09:32:30 GMT+0600 (Bangladesh Standard Time)
[debug] [2023-04-30T03:32:30.346Z] ----------------------------------------------------------------------
[debug] 
[debug] [2023-04-30T03:32:30.350Z] >>> [apiv2][query] GET https://firebase-public.firebaseio.com/cli.json [none]
[debug] [2023-04-30T03:32:30.417Z] > command requires scopes: ["email","openid","https://www.googleapis.com/auth/cloudplatformprojects.readonly","https://www.googleapis.com/auth/firebase","https://www.googleapis.com/auth/cloud-platform"]
[debug] [2023-04-30T03:32:30.418Z] > authorizing via signed-in user (salikbd.com@gmail.com)
[info] 
     ######## #### ########  ######## ########     ###     ######  ########
     ##        ##  ##     ## ##       ##     ##  ##   ##  ##       ##
     ######    ##  ########  ######   ########  #########  ######  ######
     ##        ##  ##    ##  ##       ##     ## ##     ##       ## ##
     ##       #### ##     ## ######## ########  ##     ##  ######  ########

You're about to initialize a Firebase project in this directory:

  F:\practrice\world-tour-to-coxbazar

[debug] [2023-04-30T03:32:31.149Z] <<< [apiv2][status] GET https://firebase-public.firebaseio.com/cli.json 200
[debug] [2023-04-30T03:32:31.151Z] <<< [apiv2][body] GET https://firebase-public.firebaseio.com/cli.json {"cloudBuildErrorAfter":1594252800000,"cloudBuildWarnAfter":1590019200000,"defaultNode10After":1594252800000,"minVersion":"3.0.5","node8DeploysDisabledAfter":1613390400000,"node8RuntimeDisabledAfter":1615809600000,"node8WarnAfter":1600128000000}
